<?xml version="1.0" encoding="UTF-8"?>
<!-- Generated by org.testng.reporters.JUnitReportReporter -->
<testsuite hostname="LAPTOP-BA1OONO2" failures="0" tests="1" name="testscript2.Basetest" time="3.318" errors="0" timestamp="2025-04-19T22:56:23 IST" skipped="0">
  <testcase classname="testscript2.Basetest" name="tc01" time="3.318"/>
</testsuite> <!-- testscript2.Basetest -->
