<?xml version="1.0" encoding="UTF-8"?>
<!-- Generated by org.testng.reporters.JUnitReportReporter -->
<testsuite hostname="LAPTOP-BA1OONO2" failures="0" tests="4" name="testscript2.Basetest" time="0.019" errors="0" timestamp="2025-04-29T07:04:24 IST" skipped="0">
  <testcase classname="testscript2.Basetest" name="tc01" time="0.001"/>
  <system-out/>
  <testcase classname="testscript2.Basetest" name="tc01" time="0.003"/>
  <system-out/>
  <testcase classname="testscript2.Basetest" name="tc01" time="0.001"/>
  <system-out/>
  <testcase classname="testscript2.Basetest" name="tc01" time="0.014"/>
  <system-out/>
</testsuite> <!-- testscript2.Basetest -->
